<?xml version="1.0" encoding="UTF-8"?>
<testsuite name="com.blue.halo.HaloApplicationTests" tests="1" skipped="0" failures="0" errors="0" timestamp="2023-09-24T07:59:37" hostname="ip-172-31-5-151" time="0.789">
  <properties/>
  <testcase name="contextLoads()" classname="com.blue.halo.HaloApplicationTests" time="0.789"/>
  <system-out><![CDATA[07:59:30.579 [Test worker] DEBUG org.springframework.test.context.BootstrapUtils - Instantiating CacheAwareContextLoaderDelegate from class [org.springframework.test.context.cache.DefaultCacheAwareContextLoaderDelegate]
07:59:30.611 [Test worker] DEBUG org.springframework.test.context.BootstrapUtils - Instantiating BootstrapContext using constructor [public org.springframework.test.context.support.DefaultBootstrapContext(java.lang.Class,org.springframework.test.context.CacheAwareContextLoaderDelegate)]
07:59:30.686 [Test worker] DEBUG org.springframework.test.context.BootstrapUtils - Instantiating TestContextBootstrapper for test class [com.blue.halo.HaloApplicationTests] from class [org.springframework.boot.test.context.SpringBootTestContextBootstrapper]
07:59:30.713 [Test worker] INFO org.springframework.boot.test.context.SpringBootTestContextBootstrapper - Neither @ContextConfiguration nor @ContextHierarchy found for test class [com.blue.halo.HaloApplicationTests], using SpringBootContextLoader
07:59:30.721 [Test worker] DEBUG org.springframework.test.context.support.AbstractContextLoader - Did not detect default resource location for test class [com.blue.halo.HaloApplicationTests]: class path resource [com/blue/halo/HaloApplicationTests-context.xml] does not exist
07:59:30.724 [Test worker] DEBUG org.springframework.test.context.support.AbstractContextLoader - Did not detect default resource location for test class [com.blue.halo.HaloApplicationTests]: class path resource [com/blue/halo/HaloApplicationTestsContext.groovy] does not exist
07:59:30.725 [Test worker] INFO org.springframework.test.context.support.AbstractContextLoader - Could not detect default resource locations for test class [com.blue.halo.HaloApplicationTests]: no resource found for suffixes {-context.xml, Context.groovy}.
07:59:30.728 [Test worker] INFO org.springframework.test.context.support.AnnotationConfigContextLoaderUtils - Could not detect default configuration classes for test class [com.blue.halo.HaloApplicationTests]: HaloApplicationTests does not declare any static, non-private, non-final, nested classes annotated with @Configuration.
07:59:30.832 [Test worker] DEBUG org.springframework.test.context.support.ActiveProfilesUtils - Could not find an 'annotation declaring class' for annotation type [org.springframework.test.context.ActiveProfiles] and class [com.blue.halo.HaloApplicationTests]
07:59:30.985 [Test worker] DEBUG org.springframework.context.annotation.ClassPathScanningCandidateComponentProvider - Identified candidate component class: file [/home/ubuntu/quiz/back/halo/build/classes/java/main/com/blue/halo/HaloApplication.class]
07:59:30.987 [Test worker] INFO org.springframework.boot.test.context.SpringBootTestContextBootstrapper - Found @SpringBootConfiguration com.blue.halo.HaloApplication for test class com.blue.halo.HaloApplicationTests
07:59:31.221 [Test worker] DEBUG org.springframework.boot.test.context.SpringBootTestContextBootstrapper - @TestExecutionListeners is not present for class [com.blue.halo.HaloApplicationTests]: using defaults.
07:59:31.223 [Test worker] INFO org.springframework.boot.test.context.SpringBootTestContextBootstrapper - Loaded default TestExecutionListener class names from location [META-INF/spring.factories]: [org.springframework.boot.test.autoconfigure.restdocs.RestDocsTestExecutionListener, org.springframework.boot.test.autoconfigure.web.client.MockRestServiceServerResetTestExecutionListener, org.springframework.boot.test.autoconfigure.web.servlet.MockMvcPrintOnlyOnFailureTestExecutionListener, org.springframework.boot.test.autoconfigure.web.servlet.WebDriverTestExecutionListener, org.springframework.boot.test.autoconfigure.webservices.client.MockWebServiceServerTestExecutionListener, org.springframework.boot.test.mock.mockito.MockitoTestExecutionListener, org.springframework.boot.test.mock.mockito.ResetMocksTestExecutionListener, org.springframework.test.context.web.ServletTestExecutionListener, org.springframework.test.context.support.DirtiesContextBeforeModesTestExecutionListener, org.springframework.test.context.event.ApplicationEventsTestExecutionListener, org.springframework.test.context.support.DependencyInjectionTestExecutionListener, org.springframework.test.context.support.DirtiesContextTestExecutionListener, org.springframework.test.context.transaction.TransactionalTestExecutionListener, org.springframework.test.context.jdbc.SqlScriptsTestExecutionListener, org.springframework.test.context.event.EventPublishingTestExecutionListener]
07:59:31.255 [Test worker] INFO org.springframework.boot.test.context.SpringBootTestContextBootstrapper - Using TestExecutionListeners: [org.springframework.test.context.web.ServletTestExecutionListener@7d3430a7, org.springframework.test.context.support.DirtiesContextBeforeModesTestExecutionListener@6f603e89, org.springframework.test.context.event.ApplicationEventsTestExecutionListener@2756c0a7, org.springframework.boot.test.mock.mockito.MockitoTestExecutionListener@350ec41e, org.springframework.boot.test.autoconfigure.SpringBootDependencyInjectionTestExecutionListener@69637b10, org.springframework.test.context.support.DirtiesContextTestExecutionListener@71984c3, org.springframework.test.context.transaction.TransactionalTestExecutionListener@165b2f7f, org.springframework.test.context.jdbc.SqlScriptsTestExecutionListener@5536379e, org.springframework.test.context.event.EventPublishingTestExecutionListener@277f7dd3, org.springframework.boot.test.autoconfigure.restdocs.RestDocsTestExecutionListener@6c8bca63, org.springframework.boot.test.autoconfigure.web.client.MockRestServiceServerResetTestExecutionListener@2364305a, org.springframework.boot.test.autoconfigure.web.servlet.MockMvcPrintOnlyOnFailureTestExecutionListener@470a696f, org.springframework.boot.test.autoconfigure.web.servlet.WebDriverTestExecutionListener@1bc715b8, org.springframework.boot.test.autoconfigure.webservices.client.MockWebServiceServerTestExecutionListener@292d1c71, org.springframework.boot.test.mock.mockito.ResetMocksTestExecutionListener@2b491fee]
07:59:31.268 [Test worker] DEBUG org.springframework.test.context.support.AbstractDirtiesContextTestExecutionListener - Before test class: context [DefaultTestContext@6731787b testClass = HaloApplicationTests, testInstance = [null], testMethod = [null], testException = [null], mergedContextConfiguration = [WebMergedContextConfiguration@16f7b4af testClass = HaloApplicationTests, locations = '{}', classes = '{class com.blue.halo.HaloApplication}', contextInitializerClasses = '[]', activeProfiles = '{}', propertySourceLocations = '{}', propertySourceProperties = '{org.springframework.boot.test.context.SpringBootTestContextBootstrapper=true}', contextCustomizers = set[org.springframework.boot.test.autoconfigure.actuate.metrics.MetricsExportContextCustomizerFactory$DisableMetricExportContextCustomizer@39de3d36, org.springframework.boot.test.autoconfigure.properties.PropertyMappingContextCustomizer@0, org.springframework.boot.test.autoconfigure.web.servlet.WebDriverContextCustomizerFactory$Customizer@7fb95505, org.springframework.boot.test.context.filter.ExcludeFilterContextCustomizer@50d13246, org.springframework.boot.test.json.DuplicateJsonObjectContextCustomizerFactory$DuplicateJsonObjectContextCustomizer@4b40f651, org.springframework.boot.test.mock.mockito.MockitoContextCustomizer@0, org.springframework.boot.test.web.client.TestRestTemplateContextCustomizer@29ca3d04, org.springframework.boot.test.context.SpringBootTestArgs@1, org.springframework.boot.test.context.SpringBootTestWebEnvironment@37858383], resourceBasePath = 'src/main/webapp', contextLoader = 'org.springframework.boot.test.context.SpringBootContextLoader', parent = [null]], attributes = map['org.springframework.test.context.web.ServletTestExecutionListener.activateListener' -> true]], class annotated with @DirtiesContext [false] with mode [null].

  .   ____          _            __ _ _
 /\\ / ___'_ __ _ _(_)_ __  __ _ \ \ \ \
( ( )\___ | '_ | '_| | '_ \/ _` | \ \ \ \
 \\/  ___)| |_)| | | | | || (_| |  ) ) ) )
  '  |____| .__|_| |_|_| |_\__, | / / / /
 =========|_|==============|___/=/_/_/_/
 :: Spring Boot ::               (v2.7.15)

2023-09-24 07:59:32.110  INFO 9797 --- [    Test worker] com.blue.halo.HaloApplicationTests       : Starting HaloApplicationTests using Java 11.0.20.1 on ip-172-31-5-151 with PID 9797 (started by ubuntu in /home/ubuntu/quiz/back/halo)
2023-09-24 07:59:32.116  INFO 9797 --- [    Test worker] com.blue.halo.HaloApplicationTests       : No active profile set, falling back to 1 default profile: "default"
2023-09-24 07:59:37.558  INFO 9797 --- [    Test worker] com.blue.halo.HaloApplicationTests       : Started HaloApplicationTests in 6.203 seconds (JVM running for 9.06)
]]></system-out>
  <system-err><![CDATA[]]></system-err>
</testsuite>
